{"/home/wonyk/Desktop/CS203_Proj/NewsMicroservice/newsController.js": {"path":"/home/wonyk/Desktop/CS203_Proj/NewsMicroservice/newsController.js","statementMap":{"0":{"start":{"line":1,"column":13},"end":{"line":1,"column":36}},"1":{"start":{"line":2,"column":13},"end":{"line":2,"column":33}},"2":{"start":{"line":4,"column":14},"end":{"line":4,"column":32}},"3":{"start":{"line":5,"column":14},"end":{"line":5,"column":25}},"4":{"start":{"line":7,"column":16},"end":{"line":7,"column":34}},"5":{"start":{"line":8,"column":16},"end":{"line":8,"column":52}},"6":{"start":{"line":19,"column":0},"end":{"line":45,"column":2}},"7":{"start":{"line":20,"column":2},"end":{"line":44,"column":3}},"8":{"start":{"line":21,"column":24},"end":{"line":21,"column":25}},"9":{"start":{"line":22,"column":30},"end":{"line":25,"column":5}},"10":{"start":{"line":26,"column":33},"end":{"line":29,"column":5}},"11":{"start":{"line":31,"column":26},"end":{"line":31,"column":77}},"12":{"start":{"line":33,"column":22},"end":{"line":38,"column":5}},"13":{"start":{"line":40,"column":4},"end":{"line":40,"column":43}},"14":{"start":{"line":42,"column":4},"end":{"line":42,"column":23}},"15":{"start":{"line":43,"column":4},"end":{"line":43,"column":72}},"16":{"start":{"line":57,"column":0},"end":{"line":83,"column":2}},"17":{"start":{"line":58,"column":22},"end":{"line":58,"column":31}},"18":{"start":{"line":62,"column":2},"end":{"line":66,"column":3}},"19":{"start":{"line":63,"column":4},"end":{"line":63,"column":44}},"20":{"start":{"line":65,"column":4},"end":{"line":65,"column":72}},"21":{"start":{"line":69,"column":2},"end":{"line":82,"column":3}},"22":{"start":{"line":70,"column":18},"end":{"line":70,"column":19}},"23":{"start":{"line":71,"column":17},"end":{"line":71,"column":55}},"24":{"start":{"line":73,"column":22},"end":{"line":76,"column":5}},"25":{"start":{"line":78,"column":4},"end":{"line":78,"column":43}},"26":{"start":{"line":80,"column":4},"end":{"line":80,"column":23}},"27":{"start":{"line":81,"column":4},"end":{"line":81,"column":72}},"28":{"start":{"line":93,"column":0},"end":{"line":109,"column":2}},"29":{"start":{"line":94,"column":19},"end":{"line":94,"column":29}},"30":{"start":{"line":95,"column":2},"end":{"line":99,"column":3}},"31":{"start":{"line":97,"column":6},"end":{"line":97,"column":80}},"32":{"start":{"line":98,"column":4},"end":{"line":98,"column":69}},"33":{"start":{"line":101,"column":2},"end":{"line":108,"column":3}},"34":{"start":{"line":102,"column":24},"end":{"line":102,"column":25}},"35":{"start":{"line":103,"column":23},"end":{"line":103,"column":67}},"36":{"start":{"line":104,"column":4},"end":{"line":104,"column":56}},"37":{"start":{"line":106,"column":4},"end":{"line":106,"column":23}},"38":{"start":{"line":107,"column":4},"end":{"line":107,"column":14}},"39":{"start":{"line":119,"column":0},"end":{"line":128,"column":2}},"40":{"start":{"line":120,"column":2},"end":{"line":127,"column":3}},"41":{"start":{"line":121,"column":19},"end":{"line":121,"column":36}},"42":{"start":{"line":122,"column":37},"end":{"line":122,"column":43}},"43":{"start":{"line":123,"column":4},"end":{"line":123,"column":58}},"44":{"start":{"line":125,"column":4},"end":{"line":125,"column":23}},"45":{"start":{"line":126,"column":4},"end":{"line":126,"column":14}},"46":{"start":{"line":138,"column":0},"end":{"line":147,"column":2}},"47":{"start":{"line":139,"column":2},"end":{"line":146,"column":3}},"48":{"start":{"line":140,"column":37},"end":{"line":140,"column":64}},"49":{"start":{"line":142,"column":4},"end":{"line":142,"column":58}},"50":{"start":{"line":144,"column":4},"end":{"line":144,"column":23}},"51":{"start":{"line":145,"column":4},"end":{"line":145,"column":14}},"52":{"start":{"line":149,"column":28},"end":{"line":152,"column":1}},"53":{"start":{"line":150,"column":23},"end":{"line":150,"column":45}},"54":{"start":{"line":151,"column":2},"end":{"line":151,"column":43}},"55":{"start":{"line":160,"column":24},"end":{"line":167,"column":1}},"56":{"start":{"line":161,"column":2},"end":{"line":166,"column":12}},"57":{"start":{"line":177,"column":18},"end":{"line":201,"column":1}},"58":{"start":{"line":178,"column":2},"end":{"line":200,"column":3}},"59":{"start":{"line":179,"column":36},"end":{"line":179,"column":71}},"60":{"start":{"line":181,"column":42},"end":{"line":184,"column":5}},"61":{"start":{"line":185,"column":45},"end":{"line":188,"column":5}},"62":{"start":{"line":190,"column":31},"end":{"line":193,"column":5}},"63":{"start":{"line":195,"column":19},"end":{"line":195,"column":52}},"64":{"start":{"line":197,"column":4},"end":{"line":197,"column":18}},"65":{"start":{"line":199,"column":4},"end":{"line":199,"column":23}},"66":{"start":{"line":210,"column":0},"end":{"line":218,"column":1}},"67":{"start":{"line":211,"column":2},"end":{"line":213,"column":5}},"68":{"start":{"line":212,"column":4},"end":{"line":212,"column":16}},"69":{"start":{"line":215,"column":2},"end":{"line":217,"column":5}},"70":{"start":{"line":216,"column":4},"end":{"line":216,"column":26}},"71":{"start":{"line":220,"column":22},"end":{"line":225,"column":1}},"72":{"start":{"line":221,"column":17},"end":{"line":221,"column":51}},"73":{"start":{"line":222,"column":35},"end":{"line":222,"column":41}},"74":{"start":{"line":223,"column":2},"end":{"line":223,"column":72}},"75":{"start":{"line":224,"column":2},"end":{"line":224,"column":16}},"76":{"start":{"line":227,"column":36},"end":{"line":243,"column":1}},"77":{"start":{"line":228,"column":26},"end":{"line":228,"column":71}},"78":{"start":{"line":229,"column":23},"end":{"line":229,"column":69}},"79":{"start":{"line":230,"column":26},"end":{"line":230,"column":72}},"80":{"start":{"line":232,"column":2},"end":{"line":242,"column":3}},"81":{"start":{"line":233,"column":24},"end":{"line":233,"column":52}},"82":{"start":{"line":234,"column":27},"end":{"line":234,"column":58}},"83":{"start":{"line":236,"column":4},"end":{"line":239,"column":6}},"84":{"start":{"line":241,"column":4},"end":{"line":241,"column":42}},"85":{"start":{"line":245,"column":17},"end":{"line":258,"column":1}},"86":{"start":{"line":246,"column":2},"end":{"line":257,"column":3}},"87":{"start":{"line":247,"column":4},"end":{"line":254,"column":7}},"88":{"start":{"line":256,"column":4},"end":{"line":256,"column":23}}},"fnMap":{"0":{"name":"(anonymous_0)","decl":{"start":{"line":19,"column":25},"end":{"line":19,"column":26}},"loc":{"start":{"line":19,"column":51},"end":{"line":45,"column":1}},"line":19},"1":{"name":"(anonymous_1)","decl":{"start":{"line":57,"column":28},"end":{"line":57,"column":29}},"loc":{"start":{"line":57,"column":54},"end":{"line":83,"column":1}},"line":57},"2":{"name":"(anonymous_2)","decl":{"start":{"line":93,"column":33},"end":{"line":93,"column":34}},"loc":{"start":{"line":93,"column":59},"end":{"line":109,"column":1}},"line":93},"3":{"name":"(anonymous_3)","decl":{"start":{"line":119,"column":26},"end":{"line":119,"column":27}},"loc":{"start":{"line":119,"column":52},"end":{"line":128,"column":1}},"line":119},"4":{"name":"(anonymous_4)","decl":{"start":{"line":138,"column":26},"end":{"line":138,"column":27}},"loc":{"start":{"line":138,"column":52},"end":{"line":147,"column":1}},"line":138},"5":{"name":"(anonymous_5)","decl":{"start":{"line":149,"column":28},"end":{"line":149,"column":29}},"loc":{"start":{"line":149,"column":40},"end":{"line":152,"column":1}},"line":149},"6":{"name":"(anonymous_6)","decl":{"start":{"line":160,"column":24},"end":{"line":160,"column":25}},"loc":{"start":{"line":160,"column":54},"end":{"line":167,"column":1}},"line":160},"7":{"name":"(anonymous_7)","decl":{"start":{"line":177,"column":18},"end":{"line":177,"column":19}},"loc":{"start":{"line":177,"column":30},"end":{"line":201,"column":1}},"line":177},"8":{"name":"(anonymous_8)","decl":{"start":{"line":211,"column":29},"end":{"line":211,"column":30}},"loc":{"start":{"line":211,"column":35},"end":{"line":213,"column":3}},"line":211},"9":{"name":"(anonymous_9)","decl":{"start":{"line":215,"column":29},"end":{"line":215,"column":30}},"loc":{"start":{"line":215,"column":35},"end":{"line":217,"column":3}},"line":215},"10":{"name":"(anonymous_10)","decl":{"start":{"line":220,"column":22},"end":{"line":220,"column":23}},"loc":{"start":{"line":220,"column":46},"end":{"line":225,"column":1}},"line":220},"11":{"name":"(anonymous_11)","decl":{"start":{"line":227,"column":36},"end":{"line":227,"column":37}},"loc":{"start":{"line":227,"column":48},"end":{"line":243,"column":1}},"line":227},"12":{"name":"(anonymous_12)","decl":{"start":{"line":245,"column":17},"end":{"line":245,"column":18}},"loc":{"start":{"line":245,"column":34},"end":{"line":258,"column":1}},"line":245}},"branchMap":{"0":{"loc":{"start":{"line":95,"column":2},"end":{"line":99,"column":3}},"type":"if","locations":[{"start":{"line":95,"column":2},"end":{"line":99,"column":3}},{"start":{},"end":{}}],"line":95},"1":{"loc":{"start":{"line":210,"column":0},"end":{"line":218,"column":1}},"type":"if","locations":[{"start":{"line":210,"column":0},"end":{"line":218,"column":1}},{"start":{},"end":{}}],"line":210}},"s":{"0":1,"1":1,"2":1,"3":1,"4":1,"5":1,"6":1,"7":3,"8":3,"9":3,"10":3,"11":3,"12":3,"13":3,"14":0,"15":0,"16":1,"17":4,"18":4,"19":4,"20":1,"21":3,"22":3,"23":3,"24":3,"25":3,"26":0,"27":0,"28":1,"29":4,"30":4,"31":1,"32":1,"33":3,"34":3,"35":3,"36":3,"37":0,"38":0,"39":1,"40":1,"41":1,"42":1,"43":1,"44":0,"45":0,"46":1,"47":1,"48":1,"49":1,"50":0,"51":0,"52":1,"53":1,"54":1,"55":1,"56":15,"57":1,"58":1,"59":1,"60":1,"61":1,"62":1,"63":1,"64":1,"65":0,"66":1,"67":0,"68":0,"69":0,"70":0,"71":1,"72":2,"73":2,"74":2,"75":2,"76":1,"77":1,"78":1,"79":1,"80":1,"81":1,"82":1,"83":1,"84":0,"85":1,"86":2,"87":2,"88":0},"f":{"0":3,"1":4,"2":4,"3":1,"4":1,"5":1,"6":15,"7":1,"8":0,"9":0,"10":2,"11":1,"12":2},"b":{"0":[1,3],"1":[0,1]},"_coverageSchema":"1a1c01bbd47fc00a2c39e90264f33305004495a9","hash":"9f8d97704c5dc24e7aea6c21c2cb9dcc7c1e5833"}
,"/home/wonyk/Desktop/CS203_Proj/NewsMicroservice/newsSchema.js": {"path":"/home/wonyk/Desktop/CS203_Proj/NewsMicroservice/newsSchema.js","statementMap":{"0":{"start":{"line":1,"column":17},"end":{"line":1,"column":36}},"1":{"start":{"line":3,"column":2},"end":{"line":3,"column":141}},"2":{"start":{"line":5,"column":19},"end":{"line":40,"column":1}},"3":{"start":{"line":42,"column":0},"end":{"line":42,"column":52}}},"fnMap":{},"branchMap":{},"s":{"0":1,"1":1,"2":1,"3":1},"f":{},"b":{},"_coverageSchema":"1a1c01bbd47fc00a2c39e90264f33305004495a9","hash":"692d00542deb60c6a10dfa4eb128faf2dada1b15"}
,"/home/wonyk/Desktop/CS203_Proj/NewsMicroservice/routes.js": {"path":"/home/wonyk/Desktop/CS203_Proj/NewsMicroservice/routes.js","statementMap":{"0":{"start":{"line":1,"column":16},"end":{"line":1,"column":34}},"1":{"start":{"line":2,"column":15},"end":{"line":2,"column":31}},"2":{"start":{"line":3,"column":23},"end":{"line":3,"column":50}},"3":{"start":{"line":6,"column":0},"end":{"line":6,"column":47}},"4":{"start":{"line":7,"column":0},"end":{"line":7,"column":48}},"5":{"start":{"line":8,"column":0},"end":{"line":8,"column":58}},"6":{"start":{"line":11,"column":0},"end":{"line":14,"column":1}},"7":{"start":{"line":12,"column":2},"end":{"line":12,"column":46}},"8":{"start":{"line":13,"column":2},"end":{"line":13,"column":51}},"9":{"start":{"line":16,"column":0},"end":{"line":16,"column":24}}},"fnMap":{},"branchMap":{"0":{"loc":{"start":{"line":11,"column":0},"end":{"line":14,"column":1}},"type":"if","locations":[{"start":{"line":11,"column":0},"end":{"line":14,"column":1}},{"start":{},"end":{}}],"line":11}},"s":{"0":1,"1":1,"2":1,"3":1,"4":1,"5":1,"6":1,"7":1,"8":1,"9":1},"f":{},"b":{"0":[1,0]},"_coverageSchema":"1a1c01bbd47fc00a2c39e90264f33305004495a9","hash":"146965dd73092737d130ddcf30dbc5976722f0ad"}
,"/home/wonyk/Desktop/CS203_Proj/NewsMicroservice/server.js": {"path":"/home/wonyk/Desktop/CS203_Proj/NewsMicroservice/server.js","statementMap":{"0":{"start":{"line":1,"column":16},"end":{"line":1,"column":34}},"1":{"start":{"line":2,"column":12},"end":{"line":2,"column":21}},"2":{"start":{"line":3,"column":13},"end":{"line":3,"column":28}},"3":{"start":{"line":4,"column":15},"end":{"line":4,"column":32}},"4":{"start":{"line":5,"column":15},"end":{"line":5,"column":34}},"5":{"start":{"line":7,"column":17},"end":{"line":7,"column":36}},"6":{"start":{"line":10,"column":0},"end":{"line":13,"column":1}},"7":{"start":{"line":11,"column":2},"end":{"line":11,"column":30}},"8":{"start":{"line":12,"column":2},"end":{"line":12,"column":26}},"9":{"start":{"line":16,"column":0},"end":{"line":28,"column":4}},"10":{"start":{"line":22,"column":6},"end":{"line":22,"column":51}},"11":{"start":{"line":25,"column":6},"end":{"line":25,"column":25}},"12":{"start":{"line":26,"column":6},"end":{"line":26,"column":63}},"13":{"start":{"line":30,"column":0},"end":{"line":30,"column":16}},"14":{"start":{"line":32,"column":0},"end":{"line":32,"column":49}},"15":{"start":{"line":33,"column":0},"end":{"line":33,"column":24}},"16":{"start":{"line":36,"column":0},"end":{"line":36,"column":27}},"17":{"start":{"line":38,"column":0},"end":{"line":40,"column":3}},"18":{"start":{"line":39,"column":2},"end":{"line":39,"column":19}},"19":{"start":{"line":43,"column":0},"end":{"line":45,"column":3}},"20":{"start":{"line":44,"column":2},"end":{"line":44,"column":53}},"21":{"start":{"line":48,"column":0},"end":{"line":62,"column":3}},"22":{"start":{"line":51,"column":2},"end":{"line":60,"column":3}},"23":{"start":{"line":52,"column":4},"end":{"line":52,"column":18}},"24":{"start":{"line":53,"column":17},"end":{"line":53,"column":40}},"25":{"start":{"line":55,"column":4},"end":{"line":55,"column":45}},"26":{"start":{"line":58,"column":4},"end":{"line":58,"column":32}},"27":{"start":{"line":59,"column":4},"end":{"line":59,"column":56}},"28":{"start":{"line":61,"column":2},"end":{"line":61,"column":50}},"29":{"start":{"line":64,"column":17},"end":{"line":66,"column":2}},"30":{"start":{"line":65,"column":2},"end":{"line":65,"column":74}},"31":{"start":{"line":68,"column":0},"end":{"line":68,"column":21}}},"fnMap":{"0":{"name":"(anonymous_0)","decl":{"start":{"line":21,"column":4},"end":{"line":21,"column":5}},"loc":{"start":{"line":21,"column":10},"end":{"line":23,"column":5}},"line":21},"1":{"name":"(anonymous_1)","decl":{"start":{"line":24,"column":4},"end":{"line":24,"column":5}},"loc":{"start":{"line":24,"column":13},"end":{"line":27,"column":5}},"line":24},"2":{"name":"(anonymous_2)","decl":{"start":{"line":38,"column":32},"end":{"line":38,"column":33}},"loc":{"start":{"line":38,"column":41},"end":{"line":40,"column":1}},"line":38},"3":{"name":"(anonymous_3)","decl":{"start":{"line":43,"column":8},"end":{"line":43,"column":9}},"loc":{"start":{"line":43,"column":28},"end":{"line":45,"column":1}},"line":43},"4":{"name":"(anonymous_4)","decl":{"start":{"line":48,"column":8},"end":{"line":48,"column":9}},"loc":{"start":{"line":48,"column":33},"end":{"line":62,"column":1}},"line":48},"5":{"name":"(anonymous_5)","decl":{"start":{"line":64,"column":54},"end":{"line":64,"column":55}},"loc":{"start":{"line":64,"column":60},"end":{"line":66,"column":1}},"line":64}},"branchMap":{"0":{"loc":{"start":{"line":10,"column":0},"end":{"line":13,"column":1}},"type":"if","locations":[{"start":{"line":10,"column":0},"end":{"line":13,"column":1}},{"start":{},"end":{}}],"line":10},"1":{"loc":{"start":{"line":18,"column":4},"end":{"line":18,"column":74}},"type":"cond-expr","locations":[{"start":{"line":18,"column":38},"end":{"line":18,"column":57}},{"start":{"line":18,"column":60},"end":{"line":18,"column":74}}],"line":18},"2":{"loc":{"start":{"line":51,"column":2},"end":{"line":60,"column":3}},"type":"if","locations":[{"start":{"line":51,"column":2},"end":{"line":60,"column":3}},{"start":{"line":56,"column":9},"end":{"line":60,"column":3}}],"line":51},"3":{"loc":{"start":{"line":58,"column":14},"end":{"line":58,"column":31}},"type":"binary-expr","locations":[{"start":{"line":58,"column":14},"end":{"line":58,"column":24}},{"start":{"line":58,"column":28},"end":{"line":58,"column":31}}],"line":58},"4":{"loc":{"start":{"line":59,"column":17},"end":{"line":59,"column":55}},"type":"binary-expr","locations":[{"start":{"line":59,"column":17},"end":{"line":59,"column":28}},{"start":{"line":59,"column":32},"end":{"line":59,"column":55}}],"line":59},"5":{"loc":{"start":{"line":64,"column":28},"end":{"line":64,"column":52}},"type":"binary-expr","locations":[{"start":{"line":64,"column":28},"end":{"line":64,"column":44}},{"start":{"line":64,"column":48},"end":{"line":64,"column":52}}],"line":64}},"s":{"0":1,"1":1,"2":1,"3":1,"4":1,"5":1,"6":1,"7":0,"8":0,"9":1,"10":1,"11":0,"12":0,"13":1,"14":1,"15":1,"16":1,"17":1,"18":0,"19":1,"20":0,"21":1,"22":0,"23":0,"24":0,"25":0,"26":0,"27":0,"28":0,"29":1,"30":1,"31":1},"f":{"0":1,"1":0,"2":0,"3":0,"4":0,"5":1},"b":{"0":[0,1],"1":[1,0],"2":[0,0],"3":[0,0],"4":[0,0],"5":[1,0]},"_coverageSchema":"1a1c01bbd47fc00a2c39e90264f33305004495a9","hash":"6155fb2ad591daaab401f7bf57dda69a1620d7a3"}
,"/home/wonyk/Desktop/CS203_Proj/NewsMicroservice/utils.js": {"path":"/home/wonyk/Desktop/CS203_Proj/NewsMicroservice/utils.js","statementMap":{"0":{"start":{"line":1,"column":15},"end":{"line":1,"column":36}},"1":{"start":{"line":2,"column":15},"end":{"line":2,"column":27}},"2":{"start":{"line":14,"column":2},"end":{"line":36,"column":4}},"3":{"start":{"line":15,"column":4},"end":{"line":17,"column":5}},"4":{"start":{"line":16,"column":6},"end":{"line":16,"column":18}},"5":{"start":{"line":19,"column":4},"end":{"line":35,"column":7}},"6":{"start":{"line":20,"column":6},"end":{"line":20,"column":37}},"7":{"start":{"line":21,"column":6},"end":{"line":21,"column":38}},"8":{"start":{"line":22,"column":6},"end":{"line":22,"column":27}},"9":{"start":{"line":23,"column":6},"end":{"line":34,"column":8}},"10":{"start":{"line":45,"column":2},"end":{"line":76,"column":4}},"11":{"start":{"line":46,"column":19},"end":{"line":46,"column":23}},"12":{"start":{"line":48,"column":4},"end":{"line":56,"column":5}},"13":{"start":{"line":49,"column":6},"end":{"line":51,"column":8}},"14":{"start":{"line":52,"column":11},"end":{"line":56,"column":5}},"15":{"start":{"line":53,"column":6},"end":{"line":55,"column":8}},"16":{"start":{"line":58,"column":4},"end":{"line":62,"column":5}},"17":{"start":{"line":59,"column":6},"end":{"line":61,"column":8}},"18":{"start":{"line":64,"column":18},"end":{"line":64,"column":44}},"19":{"start":{"line":65,"column":4},"end":{"line":75,"column":6}},"20":{"start":{"line":83,"column":2},"end":{"line":86,"column":4}},"21":{"start":{"line":84,"column":25},"end":{"line":84,"column":57}},"22":{"start":{"line":85,"column":4},"end":{"line":85,"column":43}},"23":{"start":{"line":95,"column":2},"end":{"line":112,"column":4}},"24":{"start":{"line":96,"column":17},"end":{"line":96,"column":58}},"25":{"start":{"line":97,"column":20},"end":{"line":97,"column":22}},"26":{"start":{"line":99,"column":21},"end":{"line":99,"column":31}},"27":{"start":{"line":100,"column":4},"end":{"line":100,"column":49}},"28":{"start":{"line":102,"column":4},"end":{"line":109,"column":5}},"29":{"start":{"line":103,"column":6},"end":{"line":105,"column":7}},"30":{"start":{"line":104,"column":8},"end":{"line":104,"column":14}},"31":{"start":{"line":107,"column":23},"end":{"line":107,"column":49}},"32":{"start":{"line":108,"column":6},"end":{"line":108,"column":56}},"33":{"start":{"line":111,"column":4},"end":{"line":111,"column":21}},"34":{"start":{"line":120,"column":2},"end":{"line":130,"column":4}},"35":{"start":{"line":121,"column":33},"end":{"line":121,"column":37}},"36":{"start":{"line":122,"column":4},"end":{"line":129,"column":6}},"37":{"start":{"line":132,"column":2},"end":{"line":145,"column":4}},"38":{"start":{"line":133,"column":4},"end":{"line":144,"column":6}},"39":{"start":{"line":148,"column":0},"end":{"line":148,"column":23}}},"fnMap":{"0":{"name":"Utils","decl":{"start":{"line":4,"column":9},"end":{"line":4,"column":14}},"loc":{"start":{"line":4,"column":17},"end":{"line":146,"column":1}},"line":4},"1":{"name":"(anonymous_1)","decl":{"start":{"line":14,"column":30},"end":{"line":14,"column":31}},"loc":{"start":{"line":14,"column":53},"end":{"line":36,"column":3}},"line":14},"2":{"name":"(anonymous_2)","decl":{"start":{"line":19,"column":23},"end":{"line":19,"column":24}},"loc":{"start":{"line":19,"column":33},"end":{"line":35,"column":5}},"line":19},"3":{"name":"(anonymous_3)","decl":{"start":{"line":45,"column":23},"end":{"line":45,"column":24}},"loc":{"start":{"line":45,"column":49},"end":{"line":76,"column":3}},"line":45},"4":{"name":"(anonymous_4)","decl":{"start":{"line":83,"column":22},"end":{"line":83,"column":23}},"loc":{"start":{"line":83,"column":32},"end":{"line":86,"column":3}},"line":83},"5":{"name":"(anonymous_5)","decl":{"start":{"line":95,"column":18},"end":{"line":95,"column":19}},"loc":{"start":{"line":95,"column":30},"end":{"line":112,"column":3}},"line":95},"6":{"name":"(anonymous_6)","decl":{"start":{"line":120,"column":25},"end":{"line":120,"column":26}},"loc":{"start":{"line":120,"column":35},"end":{"line":130,"column":3}},"line":120},"7":{"name":"(anonymous_7)","decl":{"start":{"line":132,"column":28},"end":{"line":132,"column":29}},"loc":{"start":{"line":132,"column":42},"end":{"line":145,"column":3}},"line":132}},"branchMap":{"0":{"loc":{"start":{"line":15,"column":4},"end":{"line":17,"column":5}},"type":"if","locations":[{"start":{"line":15,"column":4},"end":{"line":17,"column":5}},{"start":{},"end":{}}],"line":15},"1":{"loc":{"start":{"line":15,"column":8},"end":{"line":15,"column":69}},"type":"binary-expr","locations":[{"start":{"line":15,"column":8},"end":{"line":15,"column":16}},{"start":{"line":15,"column":20},"end":{"line":15,"column":29}},{"start":{"line":15,"column":33},"end":{"line":15,"column":69}}],"line":15},"2":{"loc":{"start":{"line":45,"column":24},"end":{"line":45,"column":38}},"type":"default-arg","locations":[{"start":{"line":45,"column":36},"end":{"line":45,"column":38}}],"line":45},"3":{"loc":{"start":{"line":48,"column":4},"end":{"line":56,"column":5}},"type":"if","locations":[{"start":{"line":48,"column":4},"end":{"line":56,"column":5}},{"start":{"line":52,"column":11},"end":{"line":56,"column":5}}],"line":48},"4":{"loc":{"start":{"line":52,"column":11},"end":{"line":56,"column":5}},"type":"if","locations":[{"start":{"line":52,"column":11},"end":{"line":56,"column":5}},{"start":{},"end":{}}],"line":52},"5":{"loc":{"start":{"line":58,"column":4},"end":{"line":62,"column":5}},"type":"if","locations":[{"start":{"line":58,"column":4},"end":{"line":62,"column":5}},{"start":{},"end":{}}],"line":58},"6":{"loc":{"start":{"line":58,"column":8},"end":{"line":58,"column":38}},"type":"binary-expr","locations":[{"start":{"line":58,"column":8},"end":{"line":58,"column":18}},{"start":{"line":58,"column":22},"end":{"line":58,"column":38}}],"line":58},"7":{"loc":{"start":{"line":103,"column":6},"end":{"line":105,"column":7}},"type":"if","locations":[{"start":{"line":103,"column":6},"end":{"line":105,"column":7}},{"start":{},"end":{}}],"line":103}},"s":{"0":2,"1":2,"2":2,"3":6,"4":3,"5":3,"6":41,"7":41,"8":41,"9":41,"10":2,"11":8,"12":8,"13":4,"14":4,"15":2,"16":6,"17":2,"18":4,"19":4,"20":2,"21":14,"22":14,"23":2,"24":1,"25":1,"26":1,"27":1,"28":1,"29":3,"30":1,"31":2,"32":2,"33":1,"34":2,"35":3,"36":3,"37":2,"38":3,"39":2},"f":{"0":2,"1":6,"2":41,"3":8,"4":14,"5":1,"6":3,"7":3},"b":{"0":[3,3],"1":[6,5,4],"2":[2],"3":[4,4],"4":[2,2],"5":[2,4],"6":[6,4],"7":[1,2]},"_coverageSchema":"1a1c01bbd47fc00a2c39e90264f33305004495a9","hash":"198e15ed53da48838788d741efca2a28598a4a0d"}
}
