{"/home/wonyk/Desktop/CS203_Proj/NewsMicroservice/newsController.js": {"path":"/home/wonyk/Desktop/CS203_Proj/NewsMicroservice/newsController.js","statementMap":{"0":{"start":{"line":1,"column":13},"end":{"line":1,"column":36}},"1":{"start":{"line":2,"column":13},"end":{"line":2,"column":33}},"2":{"start":{"line":4,"column":14},"end":{"line":4,"column":32}},"3":{"start":{"line":5,"column":14},"end":{"line":5,"column":25}},"4":{"start":{"line":7,"column":16},"end":{"line":7,"column":34}},"5":{"start":{"line":8,"column":16},"end":{"line":8,"column":52}},"6":{"start":{"line":19,"column":0},"end":{"line":45,"column":2}},"7":{"start":{"line":20,"column":2},"end":{"line":44,"column":3}},"8":{"start":{"line":21,"column":24},"end":{"line":21,"column":25}},"9":{"start":{"line":22,"column":30},"end":{"line":25,"column":5}},"10":{"start":{"line":26,"column":33},"end":{"line":29,"column":5}},"11":{"start":{"line":31,"column":26},"end":{"line":31,"column":77}},"12":{"start":{"line":33,"column":22},"end":{"line":38,"column":5}},"13":{"start":{"line":40,"column":4},"end":{"line":40,"column":43}},"14":{"start":{"line":42,"column":4},"end":{"line":42,"column":23}},"15":{"start":{"line":43,"column":4},"end":{"line":43,"column":72}},"16":{"start":{"line":57,"column":0},"end":{"line":77,"column":2}},"17":{"start":{"line":58,"column":22},"end":{"line":58,"column":32}},"18":{"start":{"line":60,"column":19},"end":{"line":60,"column":47}},"19":{"start":{"line":63,"column":2},"end":{"line":76,"column":3}},"20":{"start":{"line":64,"column":18},"end":{"line":64,"column":19}},"21":{"start":{"line":65,"column":17},"end":{"line":65,"column":55}},"22":{"start":{"line":67,"column":22},"end":{"line":70,"column":5}},"23":{"start":{"line":72,"column":4},"end":{"line":72,"column":43}},"24":{"start":{"line":74,"column":4},"end":{"line":74,"column":23}},"25":{"start":{"line":75,"column":4},"end":{"line":75,"column":72}},"26":{"start":{"line":87,"column":0},"end":{"line":103,"column":2}},"27":{"start":{"line":88,"column":19},"end":{"line":88,"column":29}},"28":{"start":{"line":89,"column":2},"end":{"line":93,"column":3}},"29":{"start":{"line":91,"column":6},"end":{"line":91,"column":80}},"30":{"start":{"line":92,"column":4},"end":{"line":92,"column":69}},"31":{"start":{"line":95,"column":2},"end":{"line":102,"column":3}},"32":{"start":{"line":96,"column":24},"end":{"line":96,"column":25}},"33":{"start":{"line":97,"column":23},"end":{"line":97,"column":67}},"34":{"start":{"line":98,"column":4},"end":{"line":98,"column":56}},"35":{"start":{"line":100,"column":4},"end":{"line":100,"column":23}},"36":{"start":{"line":101,"column":4},"end":{"line":101,"column":14}},"37":{"start":{"line":113,"column":0},"end":{"line":122,"column":2}},"38":{"start":{"line":114,"column":2},"end":{"line":121,"column":3}},"39":{"start":{"line":115,"column":19},"end":{"line":115,"column":36}},"40":{"start":{"line":116,"column":37},"end":{"line":116,"column":43}},"41":{"start":{"line":117,"column":4},"end":{"line":117,"column":58}},"42":{"start":{"line":119,"column":4},"end":{"line":119,"column":23}},"43":{"start":{"line":120,"column":4},"end":{"line":120,"column":14}},"44":{"start":{"line":132,"column":0},"end":{"line":141,"column":2}},"45":{"start":{"line":133,"column":2},"end":{"line":140,"column":3}},"46":{"start":{"line":134,"column":37},"end":{"line":134,"column":64}},"47":{"start":{"line":136,"column":4},"end":{"line":136,"column":58}},"48":{"start":{"line":138,"column":4},"end":{"line":138,"column":23}},"49":{"start":{"line":139,"column":4},"end":{"line":139,"column":14}},"50":{"start":{"line":143,"column":28},"end":{"line":146,"column":1}},"51":{"start":{"line":144,"column":23},"end":{"line":144,"column":45}},"52":{"start":{"line":145,"column":2},"end":{"line":145,"column":43}},"53":{"start":{"line":154,"column":24},"end":{"line":161,"column":1}},"54":{"start":{"line":155,"column":2},"end":{"line":160,"column":12}},"55":{"start":{"line":171,"column":18},"end":{"line":195,"column":1}},"56":{"start":{"line":172,"column":2},"end":{"line":194,"column":3}},"57":{"start":{"line":173,"column":36},"end":{"line":173,"column":71}},"58":{"start":{"line":175,"column":42},"end":{"line":178,"column":5}},"59":{"start":{"line":179,"column":45},"end":{"line":182,"column":5}},"60":{"start":{"line":184,"column":31},"end":{"line":187,"column":5}},"61":{"start":{"line":189,"column":19},"end":{"line":189,"column":52}},"62":{"start":{"line":191,"column":4},"end":{"line":191,"column":18}},"63":{"start":{"line":193,"column":4},"end":{"line":193,"column":23}},"64":{"start":{"line":204,"column":0},"end":{"line":212,"column":1}},"65":{"start":{"line":205,"column":2},"end":{"line":207,"column":5}},"66":{"start":{"line":206,"column":4},"end":{"line":206,"column":16}},"67":{"start":{"line":209,"column":2},"end":{"line":211,"column":5}},"68":{"start":{"line":210,"column":4},"end":{"line":210,"column":26}},"69":{"start":{"line":214,"column":22},"end":{"line":219,"column":1}},"70":{"start":{"line":215,"column":17},"end":{"line":215,"column":51}},"71":{"start":{"line":216,"column":35},"end":{"line":216,"column":41}},"72":{"start":{"line":217,"column":2},"end":{"line":217,"column":72}},"73":{"start":{"line":218,"column":2},"end":{"line":218,"column":16}},"74":{"start":{"line":221,"column":36},"end":{"line":237,"column":1}},"75":{"start":{"line":222,"column":26},"end":{"line":222,"column":71}},"76":{"start":{"line":223,"column":23},"end":{"line":223,"column":69}},"77":{"start":{"line":224,"column":26},"end":{"line":224,"column":72}},"78":{"start":{"line":226,"column":2},"end":{"line":236,"column":3}},"79":{"start":{"line":227,"column":24},"end":{"line":227,"column":52}},"80":{"start":{"line":228,"column":27},"end":{"line":228,"column":58}},"81":{"start":{"line":230,"column":4},"end":{"line":233,"column":6}},"82":{"start":{"line":235,"column":4},"end":{"line":235,"column":42}},"83":{"start":{"line":239,"column":17},"end":{"line":252,"column":1}},"84":{"start":{"line":240,"column":2},"end":{"line":251,"column":3}},"85":{"start":{"line":241,"column":4},"end":{"line":248,"column":7}},"86":{"start":{"line":250,"column":4},"end":{"line":250,"column":23}}},"fnMap":{"0":{"name":"(anonymous_0)","decl":{"start":{"line":19,"column":25},"end":{"line":19,"column":26}},"loc":{"start":{"line":19,"column":51},"end":{"line":45,"column":1}},"line":19},"1":{"name":"(anonymous_1)","decl":{"start":{"line":57,"column":28},"end":{"line":57,"column":29}},"loc":{"start":{"line":57,"column":54},"end":{"line":77,"column":1}},"line":57},"2":{"name":"(anonymous_2)","decl":{"start":{"line":87,"column":33},"end":{"line":87,"column":34}},"loc":{"start":{"line":87,"column":59},"end":{"line":103,"column":1}},"line":87},"3":{"name":"(anonymous_3)","decl":{"start":{"line":113,"column":26},"end":{"line":113,"column":27}},"loc":{"start":{"line":113,"column":52},"end":{"line":122,"column":1}},"line":113},"4":{"name":"(anonymous_4)","decl":{"start":{"line":132,"column":26},"end":{"line":132,"column":27}},"loc":{"start":{"line":132,"column":52},"end":{"line":141,"column":1}},"line":132},"5":{"name":"(anonymous_5)","decl":{"start":{"line":143,"column":28},"end":{"line":143,"column":29}},"loc":{"start":{"line":143,"column":40},"end":{"line":146,"column":1}},"line":143},"6":{"name":"(anonymous_6)","decl":{"start":{"line":154,"column":24},"end":{"line":154,"column":25}},"loc":{"start":{"line":154,"column":54},"end":{"line":161,"column":1}},"line":154},"7":{"name":"(anonymous_7)","decl":{"start":{"line":171,"column":18},"end":{"line":171,"column":19}},"loc":{"start":{"line":171,"column":30},"end":{"line":195,"column":1}},"line":171},"8":{"name":"(anonymous_8)","decl":{"start":{"line":205,"column":29},"end":{"line":205,"column":30}},"loc":{"start":{"line":205,"column":35},"end":{"line":207,"column":3}},"line":205},"9":{"name":"(anonymous_9)","decl":{"start":{"line":209,"column":29},"end":{"line":209,"column":30}},"loc":{"start":{"line":209,"column":35},"end":{"line":211,"column":3}},"line":209},"10":{"name":"(anonymous_10)","decl":{"start":{"line":214,"column":22},"end":{"line":214,"column":23}},"loc":{"start":{"line":214,"column":46},"end":{"line":219,"column":1}},"line":214},"11":{"name":"(anonymous_11)","decl":{"start":{"line":221,"column":36},"end":{"line":221,"column":37}},"loc":{"start":{"line":221,"column":48},"end":{"line":237,"column":1}},"line":221},"12":{"name":"(anonymous_12)","decl":{"start":{"line":239,"column":17},"end":{"line":239,"column":18}},"loc":{"start":{"line":239,"column":34},"end":{"line":252,"column":1}},"line":239}},"branchMap":{"0":{"loc":{"start":{"line":89,"column":2},"end":{"line":93,"column":3}},"type":"if","locations":[{"start":{"line":89,"column":2},"end":{"line":93,"column":3}},{"start":{},"end":{}}],"line":89},"1":{"loc":{"start":{"line":204,"column":0},"end":{"line":212,"column":1}},"type":"if","locations":[{"start":{"line":204,"column":0},"end":{"line":212,"column":1}},{"start":{},"end":{}}],"line":204}},"s":{"0":1,"1":1,"2":1,"3":1,"4":1,"5":1,"6":1,"7":3,"8":3,"9":3,"10":3,"11":3,"12":3,"13":3,"14":0,"15":0,"16":1,"17":2,"18":2,"19":2,"20":2,"21":2,"22":2,"23":2,"24":0,"25":0,"26":1,"27":4,"28":4,"29":1,"30":1,"31":3,"32":3,"33":3,"34":3,"35":0,"36":0,"37":1,"38":1,"39":1,"40":1,"41":1,"42":0,"43":0,"44":1,"45":1,"46":1,"47":1,"48":0,"49":0,"50":1,"51":1,"52":1,"53":1,"54":14,"55":1,"56":1,"57":1,"58":1,"59":1,"60":1,"61":1,"62":1,"63":0,"64":1,"65":0,"66":0,"67":0,"68":0,"69":1,"70":2,"71":2,"72":2,"73":2,"74":1,"75":1,"76":1,"77":1,"78":1,"79":1,"80":1,"81":1,"82":0,"83":1,"84":2,"85":2,"86":0},"f":{"0":3,"1":2,"2":4,"3":1,"4":1,"5":1,"6":14,"7":1,"8":0,"9":0,"10":2,"11":1,"12":2},"b":{"0":[1,3],"1":[0,1]},"_coverageSchema":"1a1c01bbd47fc00a2c39e90264f33305004495a9","hash":"dd7a2ee41ede663efb83c466a673a70da38d112d"}
,"/home/wonyk/Desktop/CS203_Proj/NewsMicroservice/newsSchema.js": {"path":"/home/wonyk/Desktop/CS203_Proj/NewsMicroservice/newsSchema.js","statementMap":{"0":{"start":{"line":1,"column":17},"end":{"line":1,"column":36}},"1":{"start":{"line":3,"column":2},"end":{"line":3,"column":141}},"2":{"start":{"line":5,"column":19},"end":{"line":40,"column":1}},"3":{"start":{"line":42,"column":0},"end":{"line":42,"column":52}}},"fnMap":{},"branchMap":{},"s":{"0":1,"1":1,"2":1,"3":1},"f":{},"b":{},"_coverageSchema":"1a1c01bbd47fc00a2c39e90264f33305004495a9","hash":"692d00542deb60c6a10dfa4eb128faf2dada1b15"}
,"/home/wonyk/Desktop/CS203_Proj/NewsMicroservice/routes.js": {"path":"/home/wonyk/Desktop/CS203_Proj/NewsMicroservice/routes.js","statementMap":{"0":{"start":{"line":1,"column":16},"end":{"line":1,"column":34}},"1":{"start":{"line":2,"column":15},"end":{"line":2,"column":31}},"2":{"start":{"line":3,"column":23},"end":{"line":3,"column":50}},"3":{"start":{"line":6,"column":0},"end":{"line":6,"column":44}},"4":{"start":{"line":7,"column":0},"end":{"line":7,"column":54}},"5":{"start":{"line":8,"column":0},"end":{"line":8,"column":58}},"6":{"start":{"line":11,"column":0},"end":{"line":14,"column":1}},"7":{"start":{"line":12,"column":2},"end":{"line":12,"column":46}},"8":{"start":{"line":13,"column":2},"end":{"line":13,"column":51}},"9":{"start":{"line":16,"column":0},"end":{"line":16,"column":24}}},"fnMap":{},"branchMap":{"0":{"loc":{"start":{"line":11,"column":0},"end":{"line":14,"column":1}},"type":"if","locations":[{"start":{"line":11,"column":0},"end":{"line":14,"column":1}},{"start":{},"end":{}}],"line":11}},"s":{"0":1,"1":1,"2":1,"3":1,"4":1,"5":1,"6":1,"7":1,"8":1,"9":1},"f":{},"b":{"0":[1,0]},"_coverageSchema":"1a1c01bbd47fc00a2c39e90264f33305004495a9","hash":"1e98aecaf4fda6208504f746f5fc385325d5ed51"}
,"/home/wonyk/Desktop/CS203_Proj/NewsMicroservice/server.js": {"path":"/home/wonyk/Desktop/CS203_Proj/NewsMicroservice/server.js","statementMap":{"0":{"start":{"line":1,"column":16},"end":{"line":1,"column":34}},"1":{"start":{"line":2,"column":12},"end":{"line":2,"column":21}},"2":{"start":{"line":3,"column":13},"end":{"line":3,"column":28}},"3":{"start":{"line":4,"column":15},"end":{"line":4,"column":32}},"4":{"start":{"line":5,"column":15},"end":{"line":5,"column":34}},"5":{"start":{"line":7,"column":17},"end":{"line":7,"column":36}},"6":{"start":{"line":10,"column":0},"end":{"line":13,"column":1}},"7":{"start":{"line":11,"column":2},"end":{"line":11,"column":30}},"8":{"start":{"line":12,"column":2},"end":{"line":12,"column":26}},"9":{"start":{"line":16,"column":0},"end":{"line":28,"column":4}},"10":{"start":{"line":22,"column":6},"end":{"line":22,"column":51}},"11":{"start":{"line":25,"column":6},"end":{"line":25,"column":25}},"12":{"start":{"line":26,"column":6},"end":{"line":26,"column":63}},"13":{"start":{"line":30,"column":0},"end":{"line":30,"column":16}},"14":{"start":{"line":32,"column":0},"end":{"line":32,"column":49}},"15":{"start":{"line":33,"column":0},"end":{"line":33,"column":24}},"16":{"start":{"line":36,"column":0},"end":{"line":36,"column":27}},"17":{"start":{"line":38,"column":0},"end":{"line":40,"column":3}},"18":{"start":{"line":39,"column":2},"end":{"line":39,"column":19}},"19":{"start":{"line":43,"column":0},"end":{"line":45,"column":3}},"20":{"start":{"line":44,"column":2},"end":{"line":44,"column":53}},"21":{"start":{"line":48,"column":0},"end":{"line":62,"column":3}},"22":{"start":{"line":51,"column":2},"end":{"line":60,"column":3}},"23":{"start":{"line":52,"column":4},"end":{"line":52,"column":18}},"24":{"start":{"line":53,"column":17},"end":{"line":53,"column":40}},"25":{"start":{"line":55,"column":4},"end":{"line":55,"column":45}},"26":{"start":{"line":58,"column":4},"end":{"line":58,"column":32}},"27":{"start":{"line":59,"column":4},"end":{"line":59,"column":56}},"28":{"start":{"line":61,"column":2},"end":{"line":61,"column":50}},"29":{"start":{"line":64,"column":17},"end":{"line":66,"column":2}},"30":{"start":{"line":65,"column":2},"end":{"line":65,"column":74}},"31":{"start":{"line":68,"column":0},"end":{"line":68,"column":21}}},"fnMap":{"0":{"name":"(anonymous_0)","decl":{"start":{"line":21,"column":4},"end":{"line":21,"column":5}},"loc":{"start":{"line":21,"column":10},"end":{"line":23,"column":5}},"line":21},"1":{"name":"(anonymous_1)","decl":{"start":{"line":24,"column":4},"end":{"line":24,"column":5}},"loc":{"start":{"line":24,"column":13},"end":{"line":27,"column":5}},"line":24},"2":{"name":"(anonymous_2)","decl":{"start":{"line":38,"column":32},"end":{"line":38,"column":33}},"loc":{"start":{"line":38,"column":41},"end":{"line":40,"column":1}},"line":38},"3":{"name":"(anonymous_3)","decl":{"start":{"line":43,"column":8},"end":{"line":43,"column":9}},"loc":{"start":{"line":43,"column":28},"end":{"line":45,"column":1}},"line":43},"4":{"name":"(anonymous_4)","decl":{"start":{"line":48,"column":8},"end":{"line":48,"column":9}},"loc":{"start":{"line":48,"column":33},"end":{"line":62,"column":1}},"line":48},"5":{"name":"(anonymous_5)","decl":{"start":{"line":64,"column":54},"end":{"line":64,"column":55}},"loc":{"start":{"line":64,"column":60},"end":{"line":66,"column":1}},"line":64}},"branchMap":{"0":{"loc":{"start":{"line":10,"column":0},"end":{"line":13,"column":1}},"type":"if","locations":[{"start":{"line":10,"column":0},"end":{"line":13,"column":1}},{"start":{},"end":{}}],"line":10},"1":{"loc":{"start":{"line":18,"column":4},"end":{"line":18,"column":74}},"type":"cond-expr","locations":[{"start":{"line":18,"column":38},"end":{"line":18,"column":57}},{"start":{"line":18,"column":60},"end":{"line":18,"column":74}}],"line":18},"2":{"loc":{"start":{"line":51,"column":2},"end":{"line":60,"column":3}},"type":"if","locations":[{"start":{"line":51,"column":2},"end":{"line":60,"column":3}},{"start":{"line":56,"column":9},"end":{"line":60,"column":3}}],"line":51},"3":{"loc":{"start":{"line":58,"column":14},"end":{"line":58,"column":31}},"type":"binary-expr","locations":[{"start":{"line":58,"column":14},"end":{"line":58,"column":24}},{"start":{"line":58,"column":28},"end":{"line":58,"column":31}}],"line":58},"4":{"loc":{"start":{"line":59,"column":17},"end":{"line":59,"column":55}},"type":"binary-expr","locations":[{"start":{"line":59,"column":17},"end":{"line":59,"column":28}},{"start":{"line":59,"column":32},"end":{"line":59,"column":55}}],"line":59},"5":{"loc":{"start":{"line":64,"column":28},"end":{"line":64,"column":52}},"type":"binary-expr","locations":[{"start":{"line":64,"column":28},"end":{"line":64,"column":44}},{"start":{"line":64,"column":48},"end":{"line":64,"column":52}}],"line":64}},"s":{"0":1,"1":1,"2":1,"3":1,"4":1,"5":1,"6":1,"7":0,"8":0,"9":1,"10":1,"11":0,"12":0,"13":1,"14":1,"15":1,"16":1,"17":1,"18":0,"19":1,"20":0,"21":1,"22":0,"23":0,"24":0,"25":0,"26":0,"27":0,"28":0,"29":1,"30":1,"31":1},"f":{"0":1,"1":0,"2":0,"3":0,"4":0,"5":1},"b":{"0":[0,1],"1":[1,0],"2":[0,0],"3":[0,0],"4":[0,0],"5":[1,0]},"_coverageSchema":"1a1c01bbd47fc00a2c39e90264f33305004495a9","hash":"6155fb2ad591daaab401f7bf57dda69a1620d7a3"}
,"/home/wonyk/Desktop/CS203_Proj/NewsMicroservice/utils.js": {"path":"/home/wonyk/Desktop/CS203_Proj/NewsMicroservice/utils.js","statementMap":{"0":{"start":{"line":1,"column":15},"end":{"line":1,"column":36}},"1":{"start":{"line":2,"column":15},"end":{"line":2,"column":27}},"2":{"start":{"line":14,"column":2},"end":{"line":36,"column":4}},"3":{"start":{"line":15,"column":4},"end":{"line":17,"column":5}},"4":{"start":{"line":16,"column":6},"end":{"line":16,"column":18}},"5":{"start":{"line":19,"column":4},"end":{"line":35,"column":7}},"6":{"start":{"line":20,"column":6},"end":{"line":20,"column":37}},"7":{"start":{"line":21,"column":6},"end":{"line":21,"column":38}},"8":{"start":{"line":22,"column":6},"end":{"line":22,"column":27}},"9":{"start":{"line":23,"column":6},"end":{"line":34,"column":8}},"10":{"start":{"line":45,"column":2},"end":{"line":70,"column":4}},"11":{"start":{"line":46,"column":21},"end":{"line":50,"column":9}},"12":{"start":{"line":52,"column":4},"end":{"line":56,"column":5}},"13":{"start":{"line":53,"column":6},"end":{"line":55,"column":8}},"14":{"start":{"line":58,"column":18},"end":{"line":58,"column":44}},"15":{"start":{"line":59,"column":4},"end":{"line":69,"column":6}},"16":{"start":{"line":77,"column":2},"end":{"line":80,"column":4}},"17":{"start":{"line":78,"column":25},"end":{"line":78,"column":57}},"18":{"start":{"line":79,"column":4},"end":{"line":79,"column":43}},"19":{"start":{"line":89,"column":2},"end":{"line":106,"column":4}},"20":{"start":{"line":90,"column":17},"end":{"line":90,"column":58}},"21":{"start":{"line":91,"column":20},"end":{"line":91,"column":22}},"22":{"start":{"line":93,"column":21},"end":{"line":93,"column":31}},"23":{"start":{"line":94,"column":4},"end":{"line":94,"column":49}},"24":{"start":{"line":96,"column":4},"end":{"line":103,"column":5}},"25":{"start":{"line":97,"column":6},"end":{"line":99,"column":7}},"26":{"start":{"line":98,"column":8},"end":{"line":98,"column":14}},"27":{"start":{"line":101,"column":23},"end":{"line":101,"column":49}},"28":{"start":{"line":102,"column":6},"end":{"line":102,"column":56}},"29":{"start":{"line":105,"column":4},"end":{"line":105,"column":21}},"30":{"start":{"line":114,"column":2},"end":{"line":124,"column":4}},"31":{"start":{"line":115,"column":33},"end":{"line":115,"column":37}},"32":{"start":{"line":116,"column":4},"end":{"line":123,"column":6}},"33":{"start":{"line":126,"column":2},"end":{"line":139,"column":4}},"34":{"start":{"line":127,"column":4},"end":{"line":138,"column":6}},"35":{"start":{"line":142,"column":0},"end":{"line":142,"column":23}}},"fnMap":{"0":{"name":"Utils","decl":{"start":{"line":4,"column":9},"end":{"line":4,"column":14}},"loc":{"start":{"line":4,"column":17},"end":{"line":140,"column":1}},"line":4},"1":{"name":"(anonymous_1)","decl":{"start":{"line":14,"column":30},"end":{"line":14,"column":31}},"loc":{"start":{"line":14,"column":53},"end":{"line":36,"column":3}},"line":14},"2":{"name":"(anonymous_2)","decl":{"start":{"line":19,"column":23},"end":{"line":19,"column":24}},"loc":{"start":{"line":19,"column":33},"end":{"line":35,"column":5}},"line":19},"3":{"name":"(anonymous_3)","decl":{"start":{"line":45,"column":23},"end":{"line":45,"column":24}},"loc":{"start":{"line":45,"column":54},"end":{"line":70,"column":3}},"line":45},"4":{"name":"(anonymous_4)","decl":{"start":{"line":77,"column":22},"end":{"line":77,"column":23}},"loc":{"start":{"line":77,"column":32},"end":{"line":80,"column":3}},"line":77},"5":{"name":"(anonymous_5)","decl":{"start":{"line":89,"column":18},"end":{"line":89,"column":19}},"loc":{"start":{"line":89,"column":30},"end":{"line":106,"column":3}},"line":89},"6":{"name":"(anonymous_6)","decl":{"start":{"line":114,"column":25},"end":{"line":114,"column":26}},"loc":{"start":{"line":114,"column":35},"end":{"line":124,"column":3}},"line":114},"7":{"name":"(anonymous_7)","decl":{"start":{"line":126,"column":28},"end":{"line":126,"column":29}},"loc":{"start":{"line":126,"column":42},"end":{"line":139,"column":3}},"line":126}},"branchMap":{"0":{"loc":{"start":{"line":15,"column":4},"end":{"line":17,"column":5}},"type":"if","locations":[{"start":{"line":15,"column":4},"end":{"line":17,"column":5}},{"start":{},"end":{}}],"line":15},"1":{"loc":{"start":{"line":15,"column":8},"end":{"line":15,"column":69}},"type":"binary-expr","locations":[{"start":{"line":15,"column":8},"end":{"line":15,"column":16}},{"start":{"line":15,"column":20},"end":{"line":15,"column":29}},{"start":{"line":15,"column":33},"end":{"line":15,"column":69}}],"line":15},"2":{"loc":{"start":{"line":45,"column":24},"end":{"line":45,"column":38}},"type":"default-arg","locations":[{"start":{"line":45,"column":36},"end":{"line":45,"column":38}}],"line":45},"3":{"loc":{"start":{"line":45,"column":40},"end":{"line":45,"column":49}},"type":"default-arg","locations":[{"start":{"line":45,"column":47},"end":{"line":45,"column":49}}],"line":45},"4":{"loc":{"start":{"line":46,"column":21},"end":{"line":50,"column":9}},"type":"cond-expr","locations":[{"start":{"line":47,"column":8},"end":{"line":47,"column":12}},{"start":{"line":48,"column":8},"end":{"line":50,"column":9}}],"line":46},"5":{"loc":{"start":{"line":52,"column":4},"end":{"line":56,"column":5}},"type":"if","locations":[{"start":{"line":52,"column":4},"end":{"line":56,"column":5}},{"start":{},"end":{}}],"line":52},"6":{"loc":{"start":{"line":52,"column":8},"end":{"line":52,"column":38}},"type":"binary-expr","locations":[{"start":{"line":52,"column":8},"end":{"line":52,"column":18}},{"start":{"line":52,"column":22},"end":{"line":52,"column":38}}],"line":52},"7":{"loc":{"start":{"line":97,"column":6},"end":{"line":99,"column":7}},"type":"if","locations":[{"start":{"line":97,"column":6},"end":{"line":99,"column":7}},{"start":{},"end":{}}],"line":97}},"s":{"0":2,"1":2,"2":2,"3":6,"4":3,"5":3,"6":41,"7":41,"8":41,"9":41,"10":2,"11":4,"12":4,"13":3,"14":1,"15":1,"16":2,"17":14,"18":14,"19":2,"20":1,"21":1,"22":1,"23":1,"24":1,"25":7,"26":1,"27":6,"28":6,"29":1,"30":2,"31":7,"32":7,"33":2,"34":7,"35":2},"f":{"0":2,"1":6,"2":41,"3":4,"4":14,"5":1,"6":7,"7":7},"b":{"0":[3,3],"1":[6,5,4],"2":[3],"3":[4],"4":[0,4],"5":[3,1],"6":[4,1],"7":[1,6]},"_coverageSchema":"1a1c01bbd47fc00a2c39e90264f33305004495a9","hash":"24cc22bfd44ac075c110782556195e7a3df8bfc3"}
}
